\BOOKMARK [1][-]{section.1}{Empirical specification}{}% 1
\BOOKMARK [2][-]{subsection.1.1}{Link between R\046D spending and spinout formation}{section.1}% 2
\BOOKMARK [2][-]{subsection.1.2}{Effect of non-competes}{section.1}% 3
\BOOKMARK [3][-]{subsubsection.1.2.1}{Jeffers' specification}{subsection.1.2}% 4
\BOOKMARK [3][-]{subsubsection.1.2.2}{Effect on R\046D \205> spinout link}{subsection.1.2}% 5
\BOOKMARK [1][-]{section.2}{Important regressions}{}% 6
\BOOKMARK [2][-]{subsection.2.1}{With Jeffers court rulings}{section.2}% 7
\BOOKMARK [2][-]{subsection.2.2}{With NCC enforcement index from Starr 2018 \(1991 index\)}{section.2}% 8
\BOOKMARK [2][-]{subsection.2.3}{Jeffers replication \(kind of\)}{section.2}% 9
\BOOKMARK [2][-]{subsection.2.4}{Raw spinout count}{section.2}% 10
\BOOKMARK [2][-]{subsection.2.5}{Raw spinout count: negative binomial fixed effects regression}{section.2}% 11
\BOOKMARK [2][-]{subsection.2.6}{Neg. bin., no FE}{section.2}% 12
\BOOKMARK [2][-]{subsection.2.7}{Raw spinout count: poisson regression}{section.2}% 13
\BOOKMARK [2][-]{subsection.2.8}{poisson regression, state dummies}{section.2}% 14
\BOOKMARK [2][-]{subsection.2.9}{Spinout DEV}{section.2}% 15
\BOOKMARK [1][-]{section.3}{No fixed effects}{}% 16
\BOOKMARK [2][-]{subsubsection.3.0.1}{OLS}{section.3}% 17
\BOOKMARK [3][-]{subsubsection.3.0.2}{Logit}{subsubsection.3.0.1}% 18
\BOOKMARK [2][-]{subsection.3.1}{Dep var: discounted exit value of spinouts}{section.3}% 19
\BOOKMARK [1][-]{section.4}{No fixed effects with some additional controls}{}% 20
\BOOKMARK [2][-]{subsection.4.1}{Dep var: spinout count weighted by \043 of founders}{section.4}% 21
\BOOKMARK [2][-]{subsection.4.2}{Dep var: discounted exit value of spinouts}{section.4}% 22
\BOOKMARK [1][-]{section.5}{Fixed effects}{}% 23
\BOOKMARK [2][-]{subsection.5.1}{Simultaneous R\046D}{section.5}% 24
\BOOKMARK [3][-]{subsubsection.5.1.1}{Spinout count}{subsection.5.1}% 25
\BOOKMARK [3][-]{subsubsection.5.1.2}{Discounted exit value Spinout count}{subsection.5.1}% 26
\BOOKMARK [2][-]{subsection.5.2}{3-year MA of R\046D}{section.5}% 27
\BOOKMARK [3][-]{subsubsection.5.2.1}{Spinout count}{subsection.5.2}% 28
\BOOKMARK [3][-]{subsubsection.5.2.2}{Discounted exit value Spinout count}{subsection.5.2}% 29
