\BOOKMARK [1][-]{appendix.A}{Appendix A: Supplementary model appendix}{}% 1
\BOOKMARK [2][-]{subsection.A.1}{Growth accounting equation}{appendix.A}% 2
\BOOKMARK [2][-]{subsection.A.2}{Multiplicity of equilibria}{appendix.A}% 3
\BOOKMARK [2][-]{subsection.A.3}{Policy analysis derivations}{appendix.A}% 4
\BOOKMARK [3][-]{subsubsection.A.3.1}{R\046D subsidy \(tax\)}{subsection.A.3}% 5
\BOOKMARK [3][-]{subsubsection.A.3.2}{Targeted R\046D subsidy \(tax\)}{subsection.A.3}% 6
\BOOKMARK [1][-]{appendix.B}{Appendix B: Calibration appendix}{}% 7
\BOOKMARK [2][-]{subsection.B.1}{Computing model moments}{appendix.B}% 8
\BOOKMARK [3][-]{subsubsection.B.1.1}{Profit to GDP}{subsection.B.1}% 9
\BOOKMARK [3][-]{subsubsection.B.1.2}{R\046D to GDP}{subsection.B.1}% 10
\BOOKMARK [3][-]{subsubsection.B.1.3}{Growth share OI}{subsection.B.1}% 11
\BOOKMARK [3][-]{subsubsection.B.1.4}{Entry rate}{subsection.B.1}% 12
\BOOKMARK [3][-]{subsubsection.B.1.5}{Employment share of WSOs}{subsection.B.1}% 13
\BOOKMARK [1][-]{appendix.C}{Appendix C: Policy analysis robustness appendix}{}% 14
\BOOKMARK [2][-]{subsection.C.1}{NCA cost c}{appendix.C}% 15
\BOOKMARK [3][-]{subsubsection.C.1.1}{Entry costs as transfers}{subsection.C.1}% 16
\BOOKMARK [3][-]{subsubsection.C.1.2}{Incumbent decreasing returns to scale in innovation}{subsection.C.1}% 17
\BOOKMARK [4][-]{paragraph.C.1.2.1}{Equilibrium conditions}{subsubsection.C.1.2}% 18
\BOOKMARK [4][-]{paragraph.C.1.2.2}{Solution algorithm}{subsubsection.C.1.2}% 19
\BOOKMARK [4][-]{paragraph.C.1.2.3}{Results}{subsubsection.C.1.2}% 20
\BOOKMARK [3][-]{subsubsection.C.1.3}{Variation in target moments}{subsection.C.1}% 21
\BOOKMARK [3][-]{subsubsection.C.1.4}{When is c = 0 bad for welfare?}{subsection.C.1}% 22
\BOOKMARK [2][-]{subsection.C.2}{NCA cost c and targeted R\046D subsidy}{appendix.C}% 23
\BOOKMARK [3][-]{subsubsection.C.2.1}{Entry costs as transfers}{subsection.C.2}% 24
\BOOKMARK [1][-]{appendix.A}{Appendix A: New appendix}{}% 25
\BOOKMARK [1][-]{bibliography-section.1}{References}{}% 26
