\BOOKMARK [1][-]{section.1}{Introduction}{}% 1
\BOOKMARK [1][-]{section.2}{Model}{}% 2
\BOOKMARK [2][-]{subsection.2.1}{Individual endowments and preferences}{section.2}% 3
\BOOKMARK [2][-]{subsection.2.2}{Production of final and intermediate goods}{section.2}% 4
\BOOKMARK [2][-]{subsection.2.3}{Innovation}{section.2}% 5
\BOOKMARK [3][-]{subsubsection.2.3.1}{Own-product innovation by incumbents}{subsection.2.3}% 6
\BOOKMARK [3][-]{subsubsection.2.3.2}{Generation of spinouts}{subsection.2.3}% 7
\BOOKMARK [3][-]{subsubsection.2.3.3}{Entrants}{subsection.2.3}% 8
\BOOKMARK [3][-]{subsubsection.2.3.4}{Entry cost}{subsection.2.3}% 9
\BOOKMARK [2][-]{subsection.2.4}{Equilibrium}{section.2}% 10
\BOOKMARK [3][-]{subsubsection.2.4.1}{Static equilibrium}{subsection.2.4}% 11
\BOOKMARK [3][-]{subsubsection.2.4.2}{Dynamic equilibrium}{subsection.2.4}% 12
\BOOKMARK [1][-]{section.3}{Efficiency and theoretical policy analysis}{}% 13
\BOOKMARK [2][-]{subsection.3.1}{Preliminaries}{section.3}% 14
\BOOKMARK [3][-]{subsubsection.3.1.1}{Welfare}{subsection.3.1}% 15
\BOOKMARK [3][-]{subsubsection.3.1.2}{Efficiency of decentralized equilibrium}{subsection.3.1}% 16
\BOOKMARK [3][-]{subsubsection.3.1.3}{Types of misallocation}{subsection.3.1}% 17
\BOOKMARK [2][-]{subsection.3.2}{Misallocation of production labor: monopoly distortion}{section.3}% 18
\BOOKMARK [2][-]{subsection.3.3}{Misallocation of R\046D labor}{section.3}% 19
\BOOKMARK [3][-]{subsubsection.3.3.1}{Effect on growth}{subsection.3.3}% 20
\BOOKMARK [3][-]{subsubsection.3.3.2}{Effect on steady-state consumption}{subsection.3.3}% 21
\BOOKMARK [3][-]{subsubsection.3.3.3}{Effect on welfare}{subsection.3.3}% 22
\BOOKMARK [2][-]{subsection.3.4}{Misallocation of NCAs}{section.3}% 23
\BOOKMARK [3][-]{subsubsection.3.4.1}{Effect on growth}{subsection.3.4}% 24
\BOOKMARK [3][-]{subsubsection.3.4.2}{Effect on steady-state consumption}{subsection.3.4}% 25
\BOOKMARK [3][-]{subsubsection.3.4.3}{Effect on welfare}{subsection.3.4}% 26
\BOOKMARK [2][-]{subsection.3.5}{Effect of NCA enforcement and other policies}{section.3}% 27
\BOOKMARK [3][-]{subsubsection.3.5.1}{NCA cost c}{subsection.3.5}% 28
\BOOKMARK [3][-]{subsubsection.3.5.2}{RD subsidy \(tax\)}{subsection.3.5}% 29
\BOOKMARK [3][-]{subsubsection.3.5.3}{CD tax \(subsidy\)}{subsection.3.5}% 30
\BOOKMARK [3][-]{subsubsection.3.5.4}{OI R\046D subsidy \(tax\)}{subsection.3.5}% 31
\BOOKMARK [3][-]{subsubsection.3.5.5}{All policies}{subsection.3.5}% 32
\BOOKMARK [1][-]{section.4}{Empirics}{}% 33
\BOOKMARK [2][-]{subsection.4.1}{Data}{section.4}% 34
\BOOKMARK [3][-]{subsubsection.4.1.1}{Sources}{subsection.4.1}% 35
\BOOKMARK [3][-]{subsubsection.4.1.2}{Construction of dataset}{subsection.4.1}% 36
\BOOKMARK [2][-]{subsection.4.2}{Corporate R\046D and spinout formation}{section.4}% 37
\BOOKMARK [3][-]{subsubsection.4.2.1}{Preliminaries}{subsection.4.2}% 38
\BOOKMARK [3][-]{subsubsection.4.2.2}{Regressions}{subsection.4.2}% 39
\BOOKMARK [3][-]{subsubsection.4.2.3}{Economic magnitude}{subsection.4.2}% 40
\BOOKMARK [1][-]{section.5}{Calibration}{}% 41
\BOOKMARK [2][-]{subsection.5.1}{Parameters}{section.5}% 42
\BOOKMARK [2][-]{subsection.5.2}{Targets}{section.5}% 43
\BOOKMARK [2][-]{subsection.5.3}{Identification}{section.5}% 44
\BOOKMARK [1][-]{section.6}{Welfare effect of NCA enforcement and other policies}{}% 45
\BOOKMARK [2][-]{subsection.6.1}{NCA cost c}{section.6}% 46
\BOOKMARK [2][-]{subsection.6.2}{R\046D subsidy \(tax\)}{section.6}% 47
\BOOKMARK [2][-]{subsection.6.3}{CD tax \(subsidy\)}{section.6}% 48
\BOOKMARK [2][-]{subsection.6.4}{OI R\046D subsidy \(tax\)}{section.6}% 49
\BOOKMARK [2][-]{subsection.6.5}{All policies}{section.6}% 50
\BOOKMARK [1][-]{section.7}{Conclusion}{}% 51
\BOOKMARK [1][-]{appendix.A}{Appendix of tables}{}% 52
\BOOKMARK [1][-]{appendix.B}{Appendix of figures}{}% 53
\BOOKMARK [1][-]{appendix.C}{Model}{}% 54
\BOOKMARK [2][-]{subsection.C.1}{Proofs of propositions}{appendix.C}% 55
\BOOKMARK [3][-]{subsubsection.C.1.1}{Proof of Proposition 1}{subsection.C.1}% 56
\BOOKMARK [2][-]{subsection.C.2}{Derivations for efficiency and theoretical policy analysis}{appendix.C}% 57
\BOOKMARK [3][-]{subsubsection.C.2.1}{CD tax \(subsidy\)}{subsection.C.2}% 58
\BOOKMARK [3][-]{subsubsection.C.2.2}{OI R\046D subsidy \(tax\)}{subsection.C.2}% 59
\BOOKMARK [3][-]{subsubsection.C.2.3}{All policies}{subsection.C.2}% 60
\BOOKMARK [2][-]{subsection.C.3}{DRS incumbent innovation technology}{appendix.C}% 61
\BOOKMARK [2][-]{subsection.C.4}{Symmetric equilibria without xjt = x}{appendix.C}% 62
\BOOKMARK [3][-]{subsubsection.C.4.1}{Application to model with static heterogeneity}{subsection.C.4}% 63
\BOOKMARK [1][-]{appendix.D}{Calibration}{}% 64
\BOOKMARK [2][-]{subsection.D.1}{Computing model moments}{appendix.D}% 65
\BOOKMARK [3][-]{subsubsection.D.1.1}{R\046D / GDP}{subsection.D.1}% 66
\BOOKMARK [3][-]{subsubsection.D.1.2}{Growth share OI}{subsection.D.1}% 67
\BOOKMARK [3][-]{subsubsection.D.1.3}{Entry rate}{subsection.D.1}% 68
\BOOKMARK [3][-]{subsubsection.D.1.4}{Employment share of WSOs}{subsection.D.1}% 69
\BOOKMARK [1][-]{appendix.E}{Policy analysis}{}% 70
\BOOKMARK [2][-]{subsection.E.1}{NCA cost c}{appendix.E}% 71
