\BOOKMARK [1][-]{section.1}{Introduction}{}% 1
\BOOKMARK [1][-]{section.2}{Model}{}% 2
\BOOKMARK [2][-]{subsection.2.1}{Individual endowments and preferences}{section.2}% 3
\BOOKMARK [2][-]{subsection.2.2}{Production of final and intermediate goods}{section.2}% 4
\BOOKMARK [2][-]{subsection.2.3}{Innovation}{section.2}% 5
\BOOKMARK [3][-]{subsubsection.2.3.1}{Incumbents}{subsection.2.3}% 6
\BOOKMARK [3][-]{subsubsection.2.3.2}{Generation of spinouts}{subsection.2.3}% 7
\BOOKMARK [3][-]{subsubsection.2.3.3}{Ordinary entrants}{subsection.2.3}% 8
\BOOKMARK [3][-]{subsubsection.2.3.4}{Entry cost}{subsection.2.3}% 9
\BOOKMARK [2][-]{subsection.2.4}{Solving the model}{section.2}% 10
\BOOKMARK [3][-]{subsubsection.2.4.1}{Static equilibrium}{subsection.2.4}% 11
\BOOKMARK [3][-]{subsubsection.2.4.2}{Dynamic equilibrium}{subsection.2.4}% 12
\BOOKMARK [3][-]{subsubsection.2.4.3}{Case: x* = 0}{subsection.2.4}% 13
\BOOKMARK [3][-]{subsubsection.2.4.4}{Parameter restriction}{subsection.2.4}% 14
\BOOKMARK [2][-]{subsection.2.5}{Comparative statics}{section.2}% 15
\BOOKMARK [3][-]{subsubsection.2.5.1}{Welfare}{subsection.2.5}% 16
\BOOKMARK [3][-]{subsubsection.2.5.2}{Effect of the cost of non-competes on welfare}{subsection.2.5}% 17
\BOOKMARK [1][-]{section.3}{Calibration}{}% 18
\BOOKMARK [2][-]{subsection.3.1}{Targets}{section.3}% 19
\BOOKMARK [2][-]{subsection.3.2}{Identification}{section.3}% 20
\BOOKMARK [2][-]{subsection.3.3}{Model validation}{section.3}% 21
\BOOKMARK [2][-]{subsection.3.4}{Effect of increasing c}{section.3}% 22
