\BOOKMARK [1][-]{section.1}{Introduction}{}% 1
\BOOKMARK [1][-]{section.2}{Model}{}% 2
\BOOKMARK [2][-]{subsection.2.1}{Individual endowments and preferences}{section.2}% 3
\BOOKMARK [2][-]{subsection.2.2}{Production of final and intermediate goods}{section.2}% 4
\BOOKMARK [2][-]{subsection.2.3}{Innovation}{section.2}% 5
\BOOKMARK [3][-]{subsubsection.2.3.1}{Own-product innovation by incumbents}{subsection.2.3}% 6
\BOOKMARK [3][-]{subsubsection.2.3.2}{Generation of spinouts}{subsection.2.3}% 7
\BOOKMARK [3][-]{subsubsection.2.3.3}{Entrants}{subsection.2.3}% 8
\BOOKMARK [3][-]{subsubsection.2.3.4}{Entry cost}{subsection.2.3}% 9
\BOOKMARK [2][-]{subsection.2.4}{Decentralized equilibrium}{section.2}% 10
\BOOKMARK [3][-]{subsubsection.2.4.1}{Static equilibrium}{subsection.2.4}% 11
\BOOKMARK [3][-]{subsubsection.2.4.2}{Dynamic equilibrium}{subsection.2.4}% 12
\BOOKMARK [2][-]{subsection.2.5}{Efficiency properties of the model}{section.2}% 13
\BOOKMARK [3][-]{subsubsection.2.5.1}{Welfare}{subsection.2.5}% 14
\BOOKMARK [3][-]{subsubsection.2.5.2}{Misallocation of R\046D: OI vs. CD}{subsection.2.5}% 15
\BOOKMARK [3][-]{subsubsection.2.5.3}{Monopoly distortion}{subsection.2.5}% 16
\BOOKMARK [1][-]{section.3}{Empirics}{}% 17
\BOOKMARK [2][-]{subsection.3.1}{Data}{section.3}% 18
\BOOKMARK [3][-]{subsubsection.3.1.1}{Sources}{subsection.3.1}% 19
\BOOKMARK [3][-]{subsubsection.3.1.2}{Construction of dataset}{subsection.3.1}% 20
\BOOKMARK [2][-]{subsection.3.2}{Corporate R\046D and spinout formation}{section.3}% 21
\BOOKMARK [2][-]{subsection.3.3}{Characteristics of spinouts and other firms}{section.3}% 22
\BOOKMARK [1][-]{section.4}{Calibration}{}% 23
\BOOKMARK [2][-]{subsection.4.1}{Parameters}{section.4}% 24
\BOOKMARK [2][-]{subsection.4.2}{Targets}{section.4}% 25
\BOOKMARK [2][-]{subsection.4.3}{Identification}{section.4}% 26
\BOOKMARK [1][-]{section.5}{Welfare effect of NCA enforcement and other policies}{}% 27
\BOOKMARK [2][-]{subsection.5.1}{NCA cost c}{section.5}% 28
\BOOKMARK [3][-]{subsubsection.5.1.1}{Effect on growth}{subsection.5.1}% 29
\BOOKMARK [3][-]{subsubsection.5.1.2}{Consumption}{subsection.5.1}% 30
\BOOKMARK [3][-]{subsubsection.5.1.3}{Effect on welfare}{subsection.5.1}% 31
\BOOKMARK [2][-]{subsection.5.2}{NCA tax \(subsidy\)}{section.5}% 32
\BOOKMARK [2][-]{subsection.5.3}{R\046D subsidy \(tax\)}{section.5}% 33
\BOOKMARK [3][-]{subsubsection.5.3.1}{Effect on growth}{subsection.5.3}% 34
\BOOKMARK [3][-]{subsubsection.5.3.2}{Effect on consumption}{subsection.5.3}% 35
\BOOKMARK [3][-]{subsubsection.5.3.3}{Effect on welfare}{subsection.5.3}% 36
\BOOKMARK [2][-]{subsection.5.4}{CD tax \(subsidy\)}{section.5}% 37
\BOOKMARK [3][-]{subsubsection.5.4.1}{Effect on growth}{subsection.5.4}% 38
\BOOKMARK [3][-]{subsubsection.5.4.2}{Effect on consumption}{subsection.5.4}% 39
\BOOKMARK [3][-]{subsubsection.5.4.3}{Effect on welfare}{subsection.5.4}% 40
\BOOKMARK [2][-]{subsection.5.5}{OI R\046D subsidy \(tax\)}{section.5}% 41
\BOOKMARK [3][-]{subsubsection.5.5.1}{Effect on growth}{subsection.5.5}% 42
\BOOKMARK [3][-]{subsubsection.5.5.2}{Effect on consumption}{subsection.5.5}% 43
\BOOKMARK [3][-]{subsubsection.5.5.3}{Effect on welfare}{subsection.5.5}% 44
\BOOKMARK [2][-]{subsection.5.6}{All policies}{section.5}% 45
\BOOKMARK [3][-]{subsubsection.5.6.1}{Optimal policy}{subsection.5.6}% 46
\BOOKMARK [1][-]{appendix.A}{Appendix of tables}{}% 47
\BOOKMARK [1][-]{appendix.B}{Appendix of figures}{}% 48
\BOOKMARK [1][-]{appendix.C}{Model}{}% 49
\BOOKMARK [2][-]{subsection.C.1}{DRS incumbent innovation technology}{appendix.C}% 50
\BOOKMARK [1][-]{appendix.D}{Calibration}{}% 51
\BOOKMARK [2][-]{subsection.D.1}{Computing model moments}{appendix.D}% 52
\BOOKMARK [3][-]{subsubsection.D.1.1}{R\046D / GDP}{subsection.D.1}% 53
\BOOKMARK [3][-]{subsubsection.D.1.2}{Growth share OI}{subsection.D.1}% 54
\BOOKMARK [3][-]{subsubsection.D.1.3}{Entry rate}{subsection.D.1}% 55
\BOOKMARK [3][-]{subsubsection.D.1.4}{Employment share of WSOs}{subsection.D.1}% 56
\BOOKMARK [1][-]{appendix.E}{Policy analysis}{}% 57
\BOOKMARK [2][-]{subsection.E.1}{NCA cost c}{appendix.E}% 58
