\BOOKMARK [1][-]{section.1}{Introduction}{}% 1
\BOOKMARK [1][-]{section.2}{Finding spinouts}{}% 2
\BOOKMARK [2][-]{subsection.2.1}{All individuals}{section.2}% 3
\BOOKMARK [2][-]{subsection.2.2}{Founder2}{section.2}% 4
\BOOKMARK [2][-]{subsection.2.3}{Executives}{section.2}% 5
\BOOKMARK [2][-]{subsection.2.4}{Technical}{section.2}% 6
\BOOKMARK [1][-]{section.3}{Startup life-cycle}{}% 7
\BOOKMARK [2][-]{subsection.3.1}{All individuals}{section.3}% 8
\BOOKMARK [3][-]{subsubsection.3.1.1}{Overall}{subsection.3.1}% 9
\BOOKMARK [3][-]{subsubsection.3.1.2}{By state}{subsection.3.1}% 10
\BOOKMARK [3][-]{subsubsection.3.1.3}{By 1-digit NAICS}{subsection.3.1}% 11
\BOOKMARK [3][-]{subsubsection.3.1.4}{By 2-digit NAICS}{subsection.3.1}% 12
\BOOKMARK [3][-]{subsubsection.3.1.5}{By 3-digit NAICS}{subsection.3.1}% 13
\BOOKMARK [2][-]{subsection.3.2}{Technical founders}{section.3}% 14
\BOOKMARK [3][-]{subsubsection.3.2.1}{Overall}{subsection.3.2}% 15
\BOOKMARK [3][-]{subsubsection.3.2.2}{By state}{subsection.3.2}% 16
\BOOKMARK [3][-]{subsubsection.3.2.3}{By 1-digit NAICS}{subsection.3.2}% 17
\BOOKMARK [3][-]{subsubsection.3.2.4}{By 2-digit NAICS}{subsection.3.2}% 18
\BOOKMARK [3][-]{subsubsection.3.2.5}{By 3-digit NAICS}{subsection.3.2}% 19
\BOOKMARK [2][-]{subsection.3.3}{Founder2 founders}{section.3}% 20
\BOOKMARK [3][-]{subsubsection.3.3.1}{Overall}{subsection.3.3}% 21
\BOOKMARK [3][-]{subsubsection.3.3.2}{By state}{subsection.3.3}% 22
\BOOKMARK [3][-]{subsubsection.3.3.3}{By 1-digit NAICS}{subsection.3.3}% 23
\BOOKMARK [3][-]{subsubsection.3.3.4}{By 2-digit NAICS}{subsection.3.3}% 24
\BOOKMARK [3][-]{subsubsection.3.3.5}{By 3-digit NAICS}{subsection.3.3}% 25
\BOOKMARK [2][-]{subsection.3.4}{Executive founders}{section.3}% 26
\BOOKMARK [3][-]{subsubsection.3.4.1}{Overall}{subsection.3.4}% 27
\BOOKMARK [3][-]{subsubsection.3.4.2}{By state}{subsection.3.4}% 28
\BOOKMARK [3][-]{subsubsection.3.4.3}{By 1-digit NAICS}{subsection.3.4}% 29
\BOOKMARK [3][-]{subsubsection.3.4.4}{By 2-digit NAICS}{subsection.3.4}% 30
\BOOKMARK [3][-]{subsubsection.3.4.5}{By 3-digit NAICS}{subsection.3.4}% 31
