\BOOKMARK [1][-]{section.1}{Introduction}{}% 1
\BOOKMARK [1][-]{section.2}{Empirics}{}% 2
\BOOKMARK [2][-]{subsection.2.1}{Data}{section.2}% 3
\BOOKMARK [2][-]{subsection.2.2}{Constructing dataset on employee spinouts}{section.2}% 4
\BOOKMARK [3][-]{subsubsection.2.2.1}{Defining a ``founder''}{subsection.2.2}% 5
\BOOKMARK [3][-]{subsubsection.2.2.2}{Finding most recent employer}{subsection.2.2}% 6
\BOOKMARK [3][-]{subsubsection.2.2.3}{Linking to Compustat}{subsection.2.2}% 7
\BOOKMARK [3][-]{subsubsection.2.2.4}{Defining WSOs}{subsection.2.2}% 8
\BOOKMARK [3][-]{subsubsection.2.2.5}{Evaluating the match}{subsection.2.2}% 9
\BOOKMARK [2][-]{subsection.2.3}{Characteristics of spinouts and WSOs}{section.2}% 10
\BOOKMARK [3][-]{subsubsection.2.3.1}{Employment}{subsection.2.3}% 11
\BOOKMARK [3][-]{subsubsection.2.3.2}{Valuation}{subsection.2.3}% 12
\BOOKMARK [3][-]{subsubsection.2.3.3}{Revenue}{subsection.2.3}% 13
\BOOKMARK [3][-]{subsubsection.2.3.4}{Revenue and valuation per employee}{subsection.2.3}% 14
\BOOKMARK [3][-]{subsubsection.2.3.5}{IPO or Acquisition}{subsection.2.3}% 15
\BOOKMARK [3][-]{subsubsection.2.3.6}{Going out of business}{subsection.2.3}% 16
\BOOKMARK [3][-]{subsubsection.2.3.7}{Overall conclusion}{subsection.2.3}% 17
\BOOKMARK [2][-]{subsection.2.4}{Corporate R\046D and spinout formation}{section.2}% 18
\BOOKMARK [3][-]{subsubsection.2.4.1}{Preliminaries}{subsection.2.4}% 19
\BOOKMARK [3][-]{subsubsection.2.4.2}{Regressions}{subsection.2.4}% 20
\BOOKMARK [2][-]{subsection.2.5}{Non-compete enforcement and corporate R\046D}{section.2}% 21
\BOOKMARK [1][-]{section.3}{Model}{}% 22
\BOOKMARK [2][-]{subsection.3.1}{Basics}{section.3}% 23
\BOOKMARK [3][-]{subsubsection.3.1.1}{Individual endowments and preferences}{subsection.3.1}% 24
\BOOKMARK [3][-]{subsubsection.3.1.2}{Production and storage technology}{subsection.3.1}% 25
\BOOKMARK [3][-]{subsubsection.3.1.3}{Borrowing and lending}{subsection.3.1}% 26
\BOOKMARK [2][-]{subsection.3.2}{R\046D, innovation and entry}{section.3}% 27
\BOOKMARK [3][-]{subsubsection.3.2.1}{Innovation by incumbent firms}{subsection.3.2}% 28
\BOOKMARK [3][-]{subsubsection.3.2.2}{Innovation by entrants}{subsection.3.2}% 29
\BOOKMARK [3][-]{subsubsection.3.2.3}{Formation of spinouts}{subsection.3.2}% 30
\BOOKMARK [3][-]{subsubsection.3.2.4}{Financing of startup ideas}{subsection.3.2}% 31
\BOOKMARK [2][-]{subsection.3.3}{Non-compete agreements}{section.3}% 32
\BOOKMARK [2][-]{subsection.3.4}{Summary of product line dynamics}{section.3}% 33
\BOOKMARK [2][-]{subsection.3.5}{Equilibrium}{section.3}% 34
\BOOKMARK [3][-]{subsubsection.3.5.1}{Static optimization}{subsection.3.5}% 35
\BOOKMARK [3][-]{subsubsection.3.5.2}{Dynamic optimization}{subsection.3.5}% 36
\BOOKMARK [3][-]{subsubsection.3.5.3}{Linear scaling in q}{subsection.3.5}% 37
\BOOKMARK [3][-]{subsubsection.3.5.4}{Solution algorithm}{subsection.3.5}% 38
\BOOKMARK [2][-]{subsection.3.6}{Efficiency}{section.3}% 39
\BOOKMARK [1][-]{section.4}{Calibration and model validation}{}% 40
\BOOKMARK [2][-]{subsection.4.1}{Calibration}{section.4}% 41
\BOOKMARK [2][-]{subsection.4.2}{Calibrated equilibrium}{section.4}% 42
\BOOKMARK [2][-]{subsection.4.3}{Model validation}{section.4}% 43
\BOOKMARK [1][-]{section.5}{Policy experiments}{}% 44
\BOOKMARK [2][-]{subsection.5.1}{Enabling permanent non-competes}{section.5}% 45
\BOOKMARK [2][-]{subsection.5.2}{Other experiments}{section.5}% 46
\BOOKMARK [1][-]{section.6}{Conclusion}{}% 47
\BOOKMARK [1][-]{appendix.A}{Appendix of figures}{}% 48
\BOOKMARK [1][-]{appendix.B}{Appendix of tables}{}% 49
