\BOOKMARK [1][-]{section.1}{Introduction}{}% 1
\BOOKMARK [1][-]{section.2}{Empirics}{}% 2
\BOOKMARK [2][-]{subsection.2.1}{Data}{section.2}% 3
\BOOKMARK [3][-]{subsubsection.2.1.1}{Construction of dataset}{subsection.2.1}% 4
\BOOKMARK [2][-]{subsection.2.2}{Measuring spinout formation}{section.2}% 5
\BOOKMARK [2][-]{subsection.2.3}{Corporate R\046D and spinout formation}{section.2}% 6
\BOOKMARK [3][-]{subsubsection.2.3.1}{Regression analysis}{subsection.2.3}% 7
\BOOKMARK [1][-]{section.3}{Model}{}% 8
\BOOKMARK [2][-]{subsection.3.1}{Basics}{section.3}% 9
\BOOKMARK [3][-]{subsubsection.3.1.1}{Individual preferences}{subsection.3.1}% 10
\BOOKMARK [3][-]{subsubsection.3.1.2}{Production and storage technology}{subsection.3.1}% 11
\BOOKMARK [2][-]{subsection.3.2}{Innovation}{section.3}% 12
\BOOKMARK [3][-]{subsubsection.3.2.1}{Innovation by incumbents}{subsection.3.2}% 13
\BOOKMARK [2][-]{subsection.3.3}{Creative destruction}{section.3}% 14
\BOOKMARK [2][-]{subsection.3.4}{Non-compete agreements}{section.3}% 15
\BOOKMARK [2][-]{subsection.3.5}{Equilibrium}{section.3}% 16
\BOOKMARK [3][-]{subsubsection.3.5.1}{Basics}{subsection.3.5}% 17
\BOOKMARK [3][-]{subsubsection.3.5.2}{Production of intermediate and final goods}{subsection.3.5}% 18
\BOOKMARK [3][-]{subsubsection.3.5.3}{Individual optimization}{subsection.3.5}% 19
\BOOKMARK [3][-]{subsubsection.3.5.4}{Linear scaling in q}{subsection.3.5}% 20
\BOOKMARK [3][-]{subsubsection.3.5.5}{Balanced growth path}{subsection.3.5}% 21
\BOOKMARK [3][-]{subsubsection.3.5.6}{Solution algorithm}{subsection.3.5}% 22
\BOOKMARK [2][-]{subsection.3.6}{Efficiency}{section.3}% 23
\BOOKMARK [1][-]{section.4}{Quantitative Analysis}{}% 24
\BOOKMARK [2][-]{subsection.4.1}{Calibration}{section.4}% 25
\BOOKMARK [2][-]{subsection.4.2}{Model validation}{section.4}% 26
\BOOKMARK [2][-]{subsection.4.3}{Counterfactual analysis}{section.4}% 27
\BOOKMARK [3][-]{subsubsection.4.3.1}{Effect of increasing non-compete enforcement}{subsection.4.3}% 28
\BOOKMARK [1][-]{section.5}{Extensions}{}% 29
\BOOKMARK [2][-]{subsection.5.1}{Multi-product firms}{section.5}% 30
\BOOKMARK [2][-]{subsection.5.2}{Endogenous rate of spinout idea generation}{section.5}% 31
\BOOKMARK [2][-]{subsection.5.3}{Heterogeneous innovation sizes}{section.5}% 32
\BOOKMARK [1][-]{section.6}{Conclusion}{}% 33
\BOOKMARK [1][-]{appendix.A}{Appendix of figures}{}% 34
\BOOKMARK [1][-]{appendix.B}{Appendix of tables}{}% 35
