\BOOKMARK [1][-]{section.0.1}{Introduction}{}% 1
\BOOKMARK [1][-]{section.0.2}{Section Headings}{}% 2
\BOOKMARK [2][-]{subsection.0.2.1}{A Subsection}{section.0.2}% 3
\BOOKMARK [3][-]{subsubsection.0.2.1.1}{A Subsubsection}{subsection.0.2.1}% 4
\BOOKMARK [1][-]{section.0.3}{Text}{}% 5
\BOOKMARK [2][-]{subsection.0.3.1}{Lists}{section.0.3}% 6
\BOOKMARK [2][-]{subsection.0.3.2}{Punctuation}{section.0.3}% 7
\BOOKMARK [2][-]{subsection.0.3.3}{Citation}{section.0.3}% 8
\BOOKMARK [1][-]{section.0.4}{Fonts}{}% 9
\BOOKMARK [1][-]{section.0.5}{Notes}{}% 10
\BOOKMARK [1][-]{section.0.6}{Quotations}{}% 11
\BOOKMARK [1][-]{section.0.7}{Environments}{}% 12
\BOOKMARK [2][-]{subsection.0.7.1}{Examples for plain-Style Environments}{section.0.7}% 13
\BOOKMARK [2][-]{subsection.0.7.2}{Examples for remark-Style Environments}{section.0.7}% 14
\BOOKMARK [1][-]{section.0.8}{Equations and the Like}{}% 15
\BOOKMARK [1][-]{section.0.9}{Tables and Figures}{}% 16
\BOOKMARK [1][-]{appendix.A}{Appendix A: Title of the First Appendix}{}% 17
\BOOKMARK [1][-]{appendix.B}{Appendix B: Title of the Second Appendix}{}% 18
\BOOKMARK [2][-]{subsection.B.1}{First Subsection of Appendix B}{appendix.B}% 19
\BOOKMARK [1][-]{bibliography-section.1}{References}{}% 20
